npm warn cleanup Failed to remove some directories [
npm warn cleanup   [
npm warn cleanup     '/sessions/exciting-sweet-keller/mnt/outputs/impostor-cloudflare/node_modules/.bin/esbuild',
npm warn cleanup     [Error: EPERM: operation not permitted, unlink '/sessions/exciting-sweet-keller/mnt/outputs/impostor-cloudflare/node_modules/.bin/esbuild'] {
npm warn cleanup       errno: -1,
npm warn cleanup       code: 'EPERM',
npm warn cleanup       syscall: 'unlink',
npm warn cleanup       path: '/sessions/exciting-sweet-keller/mnt/outputs/impostor-cloudflare/node_modules/.bin/esbuild'
npm warn cleanup     }
npm warn cleanup   ],
npm warn cleanup   [
npm warn cleanup     '/sessions/exciting-sweet-keller/mnt/outputs/impostor-cloudflare/node_modules/.bin/semver',
npm warn cleanup     [Error: EPERM: operation not permitted, unlink '/sessions/exciting-sweet-keller/mnt/outputs/impostor-cloudflare/node_modules/.bin/semver'] {
npm warn cleanup       errno: -1,
npm warn cleanup       code: 'EPERM',
npm warn cleanup       syscall: 'unlink',
npm warn cleanup       path: '/sessions/exciting-sweet-keller/mnt/outputs/impostor-cloudflare/node_modules/.bin/semver'
npm warn cleanup     }
npm warn cleanup   ],
npm warn cleanup   [
npm warn cleanup     '/sessions/exciting-sweet-keller/mnt/outputs/impostor-cloudflare/node_modules/.bin/workerd',
npm warn cleanup     [Error: EPERM: operation not permitted, unlink '/sessions/exciting-sweet-keller/mnt/outputs/impostor-cloudflare/node_modules/.bin/workerd'] {
npm warn cleanup       errno: -1,
npm warn cleanup       code: 'EPERM',
npm warn cleanup       syscall: 'unlink',
npm warn cleanup       path: '/sessions/exciting-sweet-keller/mnt/outputs/impostor-cloudflare/node_modules/.bin/workerd'
npm warn cleanup     }
npm warn cleanup   ],
npm warn cleanup   [
npm warn cleanup     '/sessions/exciting-sweet-keller/mnt/outputs/impostor-cloudflare/node_modules/fsevents',
npm warn cleanup     [Error: EPERM: operation not permitted, rmdir '/sessions/exciting-sweet-keller/mnt/outputs/impostor-cloudflare/node_modules/fsevents'] {
npm warn cleanup       errno: -1,
npm warn cleanup       code: 'EPERM',
npm warn cleanup       syscall: 'rmdir',
npm warn cleanup       path: '/sessions/exciting-sweet-keller/mnt/outputs/impostor-cloudflare/node_modules/fsevents'
npm warn cleanup     }
npm warn cleanup   ],
npm warn cleanup   [
npm warn cleanup     '/sessions/exciting-sweet-keller/mnt/outputs/impostor-cloudflare/node_modules/workerd',
npm warn cleanup     [Error: EPERM: operation not permitted, unlink '/sessions/exciting-sweet-keller/mnt/outputs/impostor-cloudflare/node_modules/workerd/install.js'] {
npm warn cleanup       errno: -1,
npm warn cleanup       code: 'EPERM',
npm warn cleanup       syscall: 'unlink',
npm warn cleanup       path: '/sessions/exciting-sweet-keller/mnt/outputs/impostor-cloudflare/node_modules/workerd/install.js'
npm warn cleanup     }
npm warn cleanup   ],
npm warn cleanup   [
npm warn cleanup     '/sessions/exciting-sweet-keller/mnt/outputs/impostor-cloudflare/node_modules/fsevents',
npm warn cleanup     [Error: EPERM: operation not permitted, rmdir '/sessions/exciting-sweet-keller/mnt/outputs/impostor-cloudflare/node_modules/fsevents'] {
npm warn cleanup       errno: -1,
npm warn cleanup       code: 'EPERM',
npm warn cleanup       syscall: 'rmdir',
npm warn cleanup       path: '/sessions/exciting-sweet-keller/mnt/outputs/impostor-cloudflare/node_modules/fsevents'
npm warn cleanup     }
npm warn cleanup   ],
npm warn cleanup   [
npm warn cleanup     '/sessions/exciting-sweet-keller/mnt/outputs/impostor-cloudflare/node_modules/wrangler',
npm warn cleanup     [Error: EPERM: operation not permitted, unlink '/sessions/exciting-sweet-keller/mnt/outputs/impostor-cloudflare/node_modules/wrangler/README.md'] {
npm warn cleanup       errno: -1,
npm warn cleanup       code: 'EPERM',
npm warn cleanup       syscall: 'unlink',
npm warn cleanup       path: '/sessions/exciting-sweet-keller/mnt/outputs/impostor-cloudflare/node_modules/wrangler/README.md'
npm warn cleanup     }
npm warn cleanup   ],
npm warn cleanup   [
npm warn cleanup     '/sessions/exciting-sweet-keller/mnt/outputs/impostor-cloudflare/node_modules/esbuild',
npm warn cleanup     [Error: EPERM: operation not permitted, unlink '/sessions/exciting-sweet-keller/mnt/outputs/impostor-cloudflare/node_modules/esbuild/LICENSE.md'] {
npm warn cleanup       errno: -1,
npm warn cleanup       code: 'EPERM',
npm warn cleanup       syscall: 'unlink',
npm warn cleanup       path: '/sessions/exciting-sweet-keller/mnt/outputs/impostor-cloudflare/node_modules/esbuild/LICENSE.md'
npm warn cleanup     }
npm warn cleanup   ],
npm warn cleanup   [
npm warn cleanup     '/sessions/exciting-sweet-keller/mnt/outputs/impostor-cloudflare/node_modules/wrangler',
npm warn cleanup     [Error: EPERM: operation not permitted, unlink '/sessions/exciting-sweet-keller/mnt/outputs/impostor-cloudflare/node_modules/wrangler/config-schema.json'] {
npm warn cleanup       errno: -1,
npm warn cleanup       code: 'EPERM',
npm warn cleanup       syscall: 'unlink',
npm warn cleanup       path: '/sessions/exciting-sweet-keller/mnt/outputs/impostor-cloudflare/node_modules/wrangler/config-schema.json'
npm warn cleanup     }
npm warn cleanup   ],
npm warn cleanup   [
npm warn cleanup     '/sessions/exciting-sweet-keller/mnt/outputs/impostor-cloudflare/node_modules/esbuild',
npm warn cleanup     [Error: EPERM: operation not permitted, unlink '/sessions/exciting-sweet-keller/mnt/outputs/impostor-cloudflare/node_modules/esbuild/LICENSE.md'] {
npm warn cleanup       errno: -1,
npm warn cleanup       code: 'EPERM',
npm warn cleanup       syscall: 'unlink',
npm warn cleanup       path: '/sessions/exciting-sweet-keller/mnt/outputs/impostor-cloudflare/node_modules/esbuild/LICENSE.md'
npm warn cleanup     }
npm warn cleanup   ],
npm warn cleanup   [
npm warn cleanup     '/sessions/exciting-sweet-keller/mnt/outputs/impostor-cloudflare/node_modules/semver',
npm warn cleanup     [Error: EPERM: operation not permitted, unlink '/sessions/exciting-sweet-keller/mnt/outputs/impostor-cloudflare/node_modules/semver/LICENSE'] {
npm warn cleanup       errno: -1,
npm warn cleanup       code: 'EPERM',
npm warn cleanup       syscall: 'unlink',
npm warn cleanup       path: '/sessions/exciting-sweet-keller/mnt/outputs/impostor-cloudflare/node_modules/semver/LICENSE'
npm warn cleanup     }
npm warn cleanup   ],
npm warn cleanup   [
npm warn cleanup     '/sessions/exciting-sweet-keller/mnt/outputs/impostor-cloudflare/node_modules/workerd',
npm warn cleanup     [Error: EPERM: operation not permitted, unlink '/sessions/exciting-sweet-keller/mnt/outputs/impostor-cloudflare/node_modules/workerd/README.md'] {
npm warn cleanup       errno: -1,
npm warn cleanup       code: 'EPERM',
npm warn cleanup       syscall: 'unlink',
npm warn cleanup       path: '/sessions/exciting-sweet-keller/mnt/outputs/impostor-cloudflare/node_modules/workerd/README.md'
npm warn cleanup     }
npm warn cleanup   ],
npm warn cleanup   [
npm warn cleanup     '/sessions/exciting-sweet-keller/mnt/outputs/impostor-cloudflare/node_modules/miniflare',
npm warn cleanup     [Error: EPERM: operation not permitted, unlink '/sessions/exciting-sweet-keller/mnt/outputs/impostor-cloudflare/node_modules/miniflare/README.md'] {
npm warn cleanup       errno: -1,
npm warn cleanup       code: 'EPERM',
npm warn cleanup       syscall: 'unlink',
npm warn cleanup       path: '/sessions/exciting-sweet-keller/mnt/outputs/impostor-cloudflare/node_modules/miniflare/README.md'
npm warn cleanup     }
npm warn cleanup   ],
npm warn cleanup   [
npm warn cleanup     '/sessions/exciting-sweet-keller/mnt/outputs/impostor-cloudflare/node_modules/semver',
npm warn cleanup     [Error: EPERM: operation not permitted, unlink '/sessions/exciting-sweet-keller/mnt/outputs/impostor-cloudflare/node_modules/semver/LICENSE'] {
npm warn cleanup       errno: -1,
npm warn cleanup       code: 'EPERM',
npm warn cleanup       syscall: 'unlink',
npm warn cleanup       path: '/sessions/exciting-sweet-keller/mnt/outputs/impostor-cloudflare/node_modules/semver/LICENSE'
npm warn cleanup     }
npm warn cleanup   ],
npm warn cleanup   [
npm warn cleanup     '/sessions/exciting-sweet-keller/mnt/outputs/impostor-cloudflare/node_modules/miniflare',
npm warn cleanup     [Error: EPERM: operation not permitted, unlink '/sessions/exciting-sweet-keller/mnt/outputs/impostor-cloudflare/node_modules/miniflare/README.md'] {
npm warn cleanup       errno: -1,
npm warn cleanup       code: 'EPERM',
npm warn cleanup       syscall: 'unlink',
npm warn cleanup       path: '/sessions/exciting-sweet-keller/mnt/outputs/impostor-cloudflare/node_modules/miniflare/README.md'
npm warn cleanup     }
npm warn cleanup   ]
npm warn cleanup ]
npm error code 1
npm error path /sessions/exciting-sweet-keller/mnt/outputs/impostor-cloudflare/node_modules/esbuild
npm error command failed
npm error command sh -c node install.js
npm error node:internal/errors:983
npm error   const err = new Error(message);
npm error               ^
npm error
npm error Error: Command failed: /sessions/exciting-sweet-keller/mnt/outputs/impostor-cloudflare/node_modules/esbuild/bin/esbuild --version
npm error     at genericNodeError (node:internal/errors:983:15)
npm error     at wrappedFn (node:internal/errors:537:14)
npm error     at checkExecSyncError (node:child_process:916:11)
npm error     at Object.execFileSync (node:child_process:952:15)
npm error     at validateBinaryVersion (/sessions/exciting-sweet-keller/mnt/outputs/impostor-cloudflare/node_modules/esbuild/install.js:103:28)
npm error     at /sessions/exciting-sweet-keller/mnt/outputs/impostor-cloudflare/node_modules/esbuild/install.js:298:5 {
npm error   status: null,
npm error   signal: 'SIGSEGV',
npm error   output: [ null, Buffer(0) [Uint8Array] [], Buffer(0) [Uint8Array] [] ],
npm error   pid: 35,
npm error   stdout: Buffer(0) [Uint8Array] [],
npm error   stderr: Buffer(0) [Uint8Array] []
npm error }
npm error
npm error Node.js v22.22.3
npm error A complete log of this run can be found in: /sessions/exciting-sweet-keller/.npm/_logs/2026-07-19T16_01_20_531Z-debug-0.log
